<?xml version="1.0" encoding="UTF-8"?>
<testng-results skipped="0" failed="0" total="2" passed="2">
  <reporter-output>
  </reporter-output>
  <suite name="Command line suite" duration-ms="47293" started-at="2016-02-24T18:20:34Z" finished-at="2016-02-24T18:21:21Z">
    <groups>
    </groups>
    <test name="Command line test" duration-ms="47293" started-at="2016-02-24T18:20:34Z" finished-at="2016-02-24T18:21:21Z">
      <class name="tests.TestSearchWord">
        <test-method status="PASS" signature="testSearchWords(java.lang.String)[pri:1, instance:tests.TestSearchWord@2c9f9fb0]" name="testSearchWords" duration-ms="26432" started-at="2016-02-24T20:20:34Z" data-provider="word" finished-at="2016-02-24T20:21:01Z">
          <params>
            <param index="0">
              <value>
                <![CDATA[dog]]>
              </value>
            </param>
          </params>
          <reporter-output>
          </reporter-output>
        </test-method> <!-- testSearchWords -->
        <test-method status="PASS" signature="word()[pri:0, instance:tests.TestSearchWord@2c9f9fb0]" name="word" is-config="true" duration-ms="0" started-at="2016-02-24T20:21:01Z" finished-at="2016-02-24T20:21:01Z">
          <reporter-output>
          </reporter-output>
        </test-method> <!-- word -->
        <test-method status="PASS" signature="testSearchOfLetters(data.User)[pri:2, instance:tests.TestSearchWord@2c9f9fb0]" name="testSearchOfLetters" duration-ms="20846" started-at="2016-02-24T20:21:01Z" data-provider="validUser" finished-at="2016-02-24T20:21:21Z">
          <params>
            <param index="0">
              <value>
                <![CDATA[data.UserImpl@7ba8c737]]>
              </value>
            </param>
          </params>
          <reporter-output>
          </reporter-output>
        </test-method> <!-- testSearchOfLetters -->
        <test-method status="PASS" signature="word()[pri:0, instance:tests.TestSearchWord@2c9f9fb0]" name="word" is-config="true" duration-ms="0" started-at="2016-02-24T20:21:21Z" finished-at="2016-02-24T20:21:21Z">
          <reporter-output>
          </reporter-output>
        </test-method> <!-- word -->
        <test-method status="PASS" signature="word()[pri:0, instance:tests.TestSearchWord@2c9f9fb0]" name="word" is-config="true" duration-ms="0" started-at="2016-02-24T20:21:21Z" finished-at="2016-02-24T20:21:21Z">
          <reporter-output>
          </reporter-output>
        </test-method> <!-- word -->
      </class> <!-- tests.TestSearchWord -->
    </test> <!-- Command line test -->
  </suite> <!-- Command line suite -->
</testng-results>
